<?xml version="1.0" encoding="UTF-8"?>
<!-- Generated by org.testng.reporters.JUnitXMLReporter -->
<testsuite ignored="0" hostname="LAPTOP-BA6DRO61" failures="0" tests="9" name="Default test" time="18.204" errors="0" timestamp="2024-11-23T01:14:19 EST">
  <testcase classname="google.Calculator.tests.CalculatorTest" name="performAddingNegativeNumbers" time="1.619"/>
  <testcase classname="google.Calculator.tests.CalculatorTest" name="performBasicAddition" time="0.498"/>
  <testcase classname="google.Calculator.tests.CalculatorTest" name="performBasicDivison" time="0.732"/>
  <testcase classname="google.Calculator.tests.CalculatorTest" name="performBasicMultiplication" time="1.1"/>
  <testcase classname="google.Calculator.tests.CalculatorTest" name="performBasicSubtraction" time="0.88"/>
  <testcase classname="google.Calculator.tests.CalculatorTest" name="performClearLastEntry" time="1.334"/>
  <testcase classname="google.Calculator.tests.CalculatorTest" name="performDivisionByZero" time="0.943"/>
  <testcase classname="google.Calculator.tests.CalculatorTest" name="performMultiplyingMaxValues" time="2.621"/>
  <testcase classname="google.Calculator.tests.CalculatorTest" name="performSubtractingDecimalNumbers" time="2.228"/>
</testsuite> <!-- Default test -->
