<?xml version="1.0" encoding="UTF-8"?>
<!-- Generated by org.testng.reporters.JUnitXMLReporter -->
<testsuite ignored="0" hostname="LAPTOP-BA6DRO61" failures="0" tests="5" name="Calculator Advanced Test" time="19.652" errors="0" timestamp="2024-11-24T17:09:49 EST">
  <testcase classname="google.Calculator.tests.CalculatorAdvancedTest" name="performAddingNegativeNumbers" time="2.436"/>
  <testcase classname="google.Calculator.tests.CalculatorAdvancedTest" name="performDivisionByZero" time="0.677"/>
  <testcase classname="google.Calculator.tests.CalculatorAdvancedTest" name="performMultiplyingMaxValues" time="2.274"/>
  <testcase classname="google.Calculator.tests.CalculatorAdvancedTest" name="performSeriesCalculations" time="3.102"/>
  <testcase classname="google.Calculator.tests.CalculatorAdvancedTest" name="performSubtractingDecimalNumbers" time="2.205"/>
</testsuite> <!-- Calculator Advanced Test -->
