<?xml version="1.0" encoding="UTF-8"?>
<!-- Generated by org.testng.reporters.JUnitXMLReporter -->
<testsuite ignored="0" hostname="LAPTOP-BA6DRO61" failures="0" tests="5" name="Calculator Basic Test" time="13.155" errors="0" timestamp="2024-11-24T17:09:43 EST">
  <testcase classname="google.Calculator.tests.CalculatorBasicTest" name="performBasicAddition" time="0.639"/>
  <testcase classname="google.Calculator.tests.CalculatorBasicTest" name="performBasicDivison" time="0.819"/>
  <testcase classname="google.Calculator.tests.CalculatorBasicTest" name="performBasicMultiplication" time="0.992"/>
  <testcase classname="google.Calculator.tests.CalculatorBasicTest" name="performBasicSubtraction" time="0.615"/>
  <testcase classname="google.Calculator.tests.CalculatorBasicTest" name="performClearLastEntry" time="1.122"/>
</testsuite> <!-- Calculator Basic Test -->
