<?xml version="1.0" encoding="UTF-8"?>
<!-- Generated by org.testng.reporters.JUnitXMLReporter -->
<testsuite ignored="3" hostname="LAPTOP-BA6DRO61" failures="0" tests="2" name="Calculator Basic Test" time="10.242" errors="0" timestamp="2024-11-24T02:07:22 EST">
  <testcase classname="google.Calculator.tests.CalculatorBasicTest" name="performBasicAddition" time="0.996"/>
  <testcase classname="google.Calculator.tests.CalculatorBasicTest" name="performClearLastEntry" time="1.055"/>
  <testcase classname="google.Calculator.tests.CalculatorBasicTest" name="performBasicSubtraction" time="0.0">
    <ignored/>
  </testcase> <!-- performBasicSubtraction -->
  <testcase classname="google.Calculator.tests.CalculatorBasicTest" name="performBasicDivison" time="0.0">
    <ignored/>
  </testcase> <!-- performBasicDivison -->
  <testcase classname="google.Calculator.tests.CalculatorBasicTest" name="performBasicMultiplication" time="0.0">
    <ignored/>
  </testcase> <!-- performBasicMultiplication -->
</testsuite> <!-- Calculator Basic Test -->
