<?xml version="1.0" encoding="UTF-8"?>
<!-- Generated by org.testng.reporters.JUnitXMLReporter -->
<testsuite ignored="4" hostname="LAPTOP-BA6DRO61" failures="0" tests="1" name="Calculator Advanced Test" time="11.862" errors="0" timestamp="2024-11-24T02:07:22 EST">
  <testcase classname="google.Calculator.tests.CalculatorAdvancedTest" name="performSeriesCalculations" time="3.881"/>
  <testcase classname="google.Calculator.tests.CalculatorAdvancedTest" name="performAddingNegativeNumbers" time="0.0">
    <ignored/>
  </testcase> <!-- performAddingNegativeNumbers -->
  <testcase classname="google.Calculator.tests.CalculatorAdvancedTest" name="performMultiplyingMaxValues" time="0.0">
    <ignored/>
  </testcase> <!-- performMultiplyingMaxValues -->
  <testcase classname="google.Calculator.tests.CalculatorAdvancedTest" name="performSubtractingDecimalNumbers" time="0.0">
    <ignored/>
  </testcase> <!-- performSubtractingDecimalNumbers -->
  <testcase classname="google.Calculator.tests.CalculatorAdvancedTest" name="performDivisionByZero" time="0.0">
    <ignored/>
  </testcase> <!-- performDivisionByZero -->
</testsuite> <!-- Calculator Advanced Test -->
