<?xml version="1.0" encoding="UTF-8"?>
<testng-results ignored="0" total="3" passed="3" failed="0" skipped="0">
  <reporter-output>
  </reporter-output>
  <suite started-at="2024-11-24T02:07:10 EST" name="Suite" finished-at="2024-11-24T02:07:22 EST" duration-ms="11862">
    <groups>
      <group name="smoke">
        <method signature="CalculatorBasicTest.performBasicAddition()[pri:0, instance:google.Calculator.tests.CalculatorBasicTest@302c971f]" name="performBasicAddition" class="google.Calculator.tests.CalculatorBasicTest"/>
        <method signature="CalculatorBasicTest.performClearLastEntry()[pri:0, instance:google.Calculator.tests.CalculatorBasicTest@302c971f]" name="performClearLastEntry" class="google.Calculator.tests.CalculatorBasicTest"/>
        <method signature="CalculatorAdvancedTest.performSeriesCalculations()[pri:0, instance:google.Calculator.tests.CalculatorAdvancedTest@aba625]" name="performSeriesCalculations" class="google.Calculator.tests.CalculatorAdvancedTest"/>
      </group> <!-- smoke -->
    </groups>
    <test started-at="2024-11-24T02:07:10 EST" name="Calculator Basic Test" finished-at="2024-11-24T02:07:20 EST" duration-ms="10242">
      <class name="google.Calculator.tests.CalculatorBasicTest">
        <test-method is-config="true" signature="calculatorSetUp()[pri:0, instance:google.Calculator.tests.CalculatorBasicTest@302c971f]" started-at="2024-11-24T02:07:10 EST" name="calculatorSetUp" finished-at="2024-11-24T02:07:18 EST" duration-ms="7706" status="PASS">
          <reporter-output>
          </reporter-output>
        </test-method> <!-- calculatorSetUp -->
        <test-method signature="performBasicAddition()[pri:0, instance:google.Calculator.tests.CalculatorBasicTest@302c971f]" started-at="2024-11-24T02:07:18 EST" name="performBasicAddition" finished-at="2024-11-24T02:07:19 EST" duration-ms="996" status="PASS">
          <reporter-output>
          </reporter-output>
        </test-method> <!-- performBasicAddition -->
        <test-method is-config="true" signature="clearScreen()[pri:0, instance:google.Calculator.tests.CalculatorBasicTest@302c971f]" started-at="2024-11-24T02:07:19 EST" name="clearScreen" finished-at="2024-11-24T02:07:19 EST" duration-ms="208" status="PASS">
          <reporter-output>
          </reporter-output>
        </test-method> <!-- clearScreen -->
        <test-method signature="performClearLastEntry()[pri:0, instance:google.Calculator.tests.CalculatorBasicTest@302c971f]" started-at="2024-11-24T02:07:19 EST" name="performClearLastEntry" finished-at="2024-11-24T02:07:20 EST" duration-ms="1055" status="PASS">
          <reporter-output>
          </reporter-output>
        </test-method> <!-- performClearLastEntry -->
        <test-method is-config="true" signature="clearScreen()[pri:0, instance:google.Calculator.tests.CalculatorBasicTest@302c971f]" started-at="2024-11-24T02:07:20 EST" name="clearScreen" finished-at="2024-11-24T02:07:20 EST" duration-ms="172" status="PASS">
          <reporter-output>
          </reporter-output>
        </test-method> <!-- clearScreen -->
      </class> <!-- google.Calculator.tests.CalculatorBasicTest -->
    </test> <!-- Calculator Basic Test -->
    <test started-at="2024-11-24T02:07:10 EST" name="Calculator Advanced Test" finished-at="2024-11-24T02:07:22 EST" duration-ms="11862">
      <class name="google.Calculator.tests.CalculatorAdvancedTest">
        <test-method is-config="true" signature="calculatorSetUp()[pri:0, instance:google.Calculator.tests.CalculatorAdvancedTest@aba625]" started-at="2024-11-24T02:07:10 EST" name="calculatorSetUp" finished-at="2024-11-24T02:07:18 EST" duration-ms="7690" status="PASS">
          <reporter-output>
          </reporter-output>
        </test-method> <!-- calculatorSetUp -->
        <test-method signature="performSeriesCalculations()[pri:0, instance:google.Calculator.tests.CalculatorAdvancedTest@aba625]" started-at="2024-11-24T02:07:18 EST" name="performSeriesCalculations" finished-at="2024-11-24T02:07:22 EST" duration-ms="3881" status="PASS">
          <reporter-output>
          </reporter-output>
        </test-method> <!-- performSeriesCalculations -->
        <test-method is-config="true" signature="clearScreen()[pri:0, instance:google.Calculator.tests.CalculatorAdvancedTest@aba625]" started-at="2024-11-24T02:07:22 EST" name="clearScreen" finished-at="2024-11-24T02:07:22 EST" duration-ms="195" status="PASS">
          <reporter-output>
          </reporter-output>
        </test-method> <!-- clearScreen -->
      </class> <!-- google.Calculator.tests.CalculatorAdvancedTest -->
    </test> <!-- Calculator Advanced Test -->
  </suite> <!-- Suite -->
</testng-results>
