<?xml version="1.0" encoding="UTF-8"?>
<testng-results ignored="0" total="10" passed="10" failed="0" skipped="0">
  <reporter-output>
  </reporter-output>
  <suite started-at="2024-11-24T17:09:29 EST" name="Suite" finished-at="2024-11-24T17:09:49 EST" duration-ms="19652">
    <groups>
      <group name="smoke">
        <method signature="CalculatorBasicTest.performBasicAddition()[pri:0, instance:google.Calculator.tests.CalculatorBasicTest@4ce1d6d0]" name="performBasicAddition" class="google.Calculator.tests.CalculatorBasicTest"/>
        <method signature="CalculatorBasicTest.performClearLastEntry()[pri:0, instance:google.Calculator.tests.CalculatorBasicTest@4ce1d6d0]" name="performClearLastEntry" class="google.Calculator.tests.CalculatorBasicTest"/>
        <method signature="CalculatorAdvancedTest.performSeriesCalculations()[pri:0, instance:google.Calculator.tests.CalculatorAdvancedTest@2e2ff723]" name="performSeriesCalculations" class="google.Calculator.tests.CalculatorAdvancedTest"/>
      </group> <!-- smoke -->
    </groups>
    <test started-at="2024-11-24T17:09:29 EST" name="Calculator Basic Test" finished-at="2024-11-24T17:09:43 EST" duration-ms="13155">
      <class name="google.Calculator.tests.CalculatorBasicTest">
        <test-method is-config="true" signature="calculatorSetUp()[pri:0, instance:google.Calculator.tests.CalculatorBasicTest@4ce1d6d0]" started-at="2024-11-24T17:09:29 EST" name="calculatorSetUp" finished-at="2024-11-24T17:09:38 EST" duration-ms="8082" status="PASS">
          <reporter-output>
          </reporter-output>
        </test-method> <!-- calculatorSetUp -->
        <test-method signature="performBasicAddition()[pri:0, instance:google.Calculator.tests.CalculatorBasicTest@4ce1d6d0]" started-at="2024-11-24T17:09:38 EST" name="performBasicAddition" finished-at="2024-11-24T17:09:38 EST" duration-ms="639" status="PASS">
          <reporter-output>
          </reporter-output>
        </test-method> <!-- performBasicAddition -->
        <test-method is-config="true" signature="clearScreen()[pri:0, instance:google.Calculator.tests.CalculatorBasicTest@4ce1d6d0]" started-at="2024-11-24T17:09:38 EST" name="clearScreen" finished-at="2024-11-24T17:09:38 EST" duration-ms="201" status="PASS">
          <reporter-output>
          </reporter-output>
        </test-method> <!-- clearScreen -->
        <test-method signature="performBasicDivison()[pri:0, instance:google.Calculator.tests.CalculatorBasicTest@4ce1d6d0]" started-at="2024-11-24T17:09:38 EST" name="performBasicDivison" finished-at="2024-11-24T17:09:39 EST" duration-ms="819" status="PASS">
          <reporter-output>
          </reporter-output>
        </test-method> <!-- performBasicDivison -->
        <test-method is-config="true" signature="clearScreen()[pri:0, instance:google.Calculator.tests.CalculatorBasicTest@4ce1d6d0]" started-at="2024-11-24T17:09:39 EST" name="clearScreen" finished-at="2024-11-24T17:09:39 EST" duration-ms="140" status="PASS">
          <reporter-output>
          </reporter-output>
        </test-method> <!-- clearScreen -->
        <test-method signature="performBasicMultiplication()[pri:0, instance:google.Calculator.tests.CalculatorBasicTest@4ce1d6d0]" started-at="2024-11-24T17:09:39 EST" name="performBasicMultiplication" finished-at="2024-11-24T17:09:40 EST" duration-ms="992" status="PASS">
          <reporter-output>
          </reporter-output>
        </test-method> <!-- performBasicMultiplication -->
        <test-method is-config="true" signature="clearScreen()[pri:0, instance:google.Calculator.tests.CalculatorBasicTest@4ce1d6d0]" started-at="2024-11-24T17:09:40 EST" name="clearScreen" finished-at="2024-11-24T17:09:40 EST" duration-ms="135" status="PASS">
          <reporter-output>
          </reporter-output>
        </test-method> <!-- clearScreen -->
        <test-method signature="performBasicSubtraction()[pri:0, instance:google.Calculator.tests.CalculatorBasicTest@4ce1d6d0]" started-at="2024-11-24T17:09:40 EST" name="performBasicSubtraction" finished-at="2024-11-24T17:09:41 EST" duration-ms="615" status="PASS">
          <reporter-output>
          </reporter-output>
        </test-method> <!-- performBasicSubtraction -->
        <test-method is-config="true" signature="clearScreen()[pri:0, instance:google.Calculator.tests.CalculatorBasicTest@4ce1d6d0]" started-at="2024-11-24T17:09:41 EST" name="clearScreen" finished-at="2024-11-24T17:09:41 EST" duration-ms="134" status="PASS">
          <reporter-output>
          </reporter-output>
        </test-method> <!-- clearScreen -->
        <test-method signature="performClearLastEntry()[pri:0, instance:google.Calculator.tests.CalculatorBasicTest@4ce1d6d0]" started-at="2024-11-24T17:09:41 EST" name="performClearLastEntry" finished-at="2024-11-24T17:09:42 EST" duration-ms="1122" status="PASS">
          <reporter-output>
          </reporter-output>
        </test-method> <!-- performClearLastEntry -->
        <test-method is-config="true" signature="clearScreen()[pri:0, instance:google.Calculator.tests.CalculatorBasicTest@4ce1d6d0]" started-at="2024-11-24T17:09:42 EST" name="clearScreen" finished-at="2024-11-24T17:09:43 EST" duration-ms="214" status="PASS">
          <reporter-output>
          </reporter-output>
        </test-method> <!-- clearScreen -->
      </class> <!-- google.Calculator.tests.CalculatorBasicTest -->
    </test> <!-- Calculator Basic Test -->
    <test started-at="2024-11-24T17:09:29 EST" name="Calculator Advanced Test" finished-at="2024-11-24T17:09:49 EST" duration-ms="19652">
      <class name="google.Calculator.tests.CalculatorAdvancedTest">
        <test-method is-config="true" signature="calculatorSetUp()[pri:0, instance:google.Calculator.tests.CalculatorAdvancedTest@2e2ff723]" started-at="2024-11-24T17:09:29 EST" name="calculatorSetUp" finished-at="2024-11-24T17:09:37 EST" duration-ms="7776" status="PASS">
          <reporter-output>
          </reporter-output>
        </test-method> <!-- calculatorSetUp -->
        <test-method signature="performAddingNegativeNumbers()[pri:0, instance:google.Calculator.tests.CalculatorAdvancedTest@2e2ff723]" started-at="2024-11-24T17:09:37 EST" name="performAddingNegativeNumbers" finished-at="2024-11-24T17:09:40 EST" duration-ms="2436" status="PASS">
          <reporter-output>
          </reporter-output>
        </test-method> <!-- performAddingNegativeNumbers -->
        <test-method is-config="true" signature="clearScreen()[pri:0, instance:google.Calculator.tests.CalculatorAdvancedTest@2e2ff723]" started-at="2024-11-24T17:09:40 EST" name="clearScreen" finished-at="2024-11-24T17:09:40 EST" duration-ms="190" status="PASS">
          <reporter-output>
          </reporter-output>
        </test-method> <!-- clearScreen -->
        <test-method signature="performDivisionByZero()[pri:0, instance:google.Calculator.tests.CalculatorAdvancedTest@2e2ff723]" started-at="2024-11-24T17:09:40 EST" name="performDivisionByZero" finished-at="2024-11-24T17:09:41 EST" duration-ms="677" status="PASS">
          <reporter-output>
          </reporter-output>
        </test-method> <!-- performDivisionByZero -->
        <test-method is-config="true" signature="clearScreen()[pri:0, instance:google.Calculator.tests.CalculatorAdvancedTest@2e2ff723]" started-at="2024-11-24T17:09:41 EST" name="clearScreen" finished-at="2024-11-24T17:09:41 EST" duration-ms="153" status="PASS">
          <reporter-output>
          </reporter-output>
        </test-method> <!-- clearScreen -->
        <test-method signature="performMultiplyingMaxValues()[pri:0, instance:google.Calculator.tests.CalculatorAdvancedTest@2e2ff723]" started-at="2024-11-24T17:09:41 EST" name="performMultiplyingMaxValues" finished-at="2024-11-24T17:09:43 EST" duration-ms="2274" status="PASS">
          <reporter-output>
          </reporter-output>
        </test-method> <!-- performMultiplyingMaxValues -->
        <test-method is-config="true" signature="clearScreen()[pri:0, instance:google.Calculator.tests.CalculatorAdvancedTest@2e2ff723]" started-at="2024-11-24T17:09:43 EST" name="clearScreen" finished-at="2024-11-24T17:09:43 EST" duration-ms="233" status="PASS">
          <reporter-output>
          </reporter-output>
        </test-method> <!-- clearScreen -->
        <test-method signature="performSeriesCalculations()[pri:0, instance:google.Calculator.tests.CalculatorAdvancedTest@2e2ff723]" started-at="2024-11-24T17:09:43 EST" name="performSeriesCalculations" finished-at="2024-11-24T17:09:46 EST" duration-ms="3102" status="PASS">
          <reporter-output>
          </reporter-output>
        </test-method> <!-- performSeriesCalculations -->
        <test-method is-config="true" signature="clearScreen()[pri:0, instance:google.Calculator.tests.CalculatorAdvancedTest@2e2ff723]" started-at="2024-11-24T17:09:46 EST" name="clearScreen" finished-at="2024-11-24T17:09:47 EST" duration-ms="277" status="PASS">
          <reporter-output>
          </reporter-output>
        </test-method> <!-- clearScreen -->
        <test-method signature="performSubtractingDecimalNumbers()[pri:0, instance:google.Calculator.tests.CalculatorAdvancedTest@2e2ff723]" started-at="2024-11-24T17:09:47 EST" name="performSubtractingDecimalNumbers" finished-at="2024-11-24T17:09:49 EST" duration-ms="2205" status="PASS">
          <reporter-output>
          </reporter-output>
        </test-method> <!-- performSubtractingDecimalNumbers -->
        <test-method is-config="true" signature="clearScreen()[pri:0, instance:google.Calculator.tests.CalculatorAdvancedTest@2e2ff723]" started-at="2024-11-24T17:09:49 EST" name="clearScreen" finished-at="2024-11-24T17:09:49 EST" duration-ms="223" status="PASS">
          <reporter-output>
          </reporter-output>
        </test-method> <!-- clearScreen -->
      </class> <!-- google.Calculator.tests.CalculatorAdvancedTest -->
    </test> <!-- Calculator Advanced Test -->
  </suite> <!-- Suite -->
</testng-results>
